2020-08-26T15:59:14.237Z Running on http://0.0.0.0:8080
2020-08-26T15:59:19.046Z GET /liveness => true
2020-08-26T15:59:24.034Z GET /liveness => true
2020-08-26T15:59:29.033Z GET /liveness => true
2020-08-26T15:59:34.032Z GET /liveness => true
2020-08-26T15:59:39.033Z GET /liveness => true
2020-08-26T15:59:44.033Z GET /liveness => true
2020-08-26T15:59:49.032Z GET /liveness => true
2020-08-26T15:59:54.032Z GET /liveness => true
2020-08-26T15:59:59.032Z GET /liveness => true
2020-08-26T16:00:04.032Z GET /liveness => true
2020-08-26T16:00:09.032Z GET /liveness => true
2020-08-26T16:00:14.032Z GET /liveness => true
2020-08-26T16:00:19.032Z GET /liveness => true
2020-08-26T16:00:24.032Z GET /liveness => true
2020-08-26T16:00:29.032Z GET /liveness => true
2020-08-26T16:00:34.032Z GET /liveness => true
2020-08-26T16:00:39.032Z GET /liveness => true
2020-08-26T16:00:44.032Z GET /liveness => true
2020-08-26T16:00:49.032Z GET /liveness => true
2020-08-26T16:00:54.032Z GET /liveness => true
2020-08-26T16:00:59.032Z GET /liveness => true
2020-08-26T16:01:04.032Z GET /liveness => true
2020-08-26T16:01:09.032Z GET /liveness => true
2020-08-26T16:01:14.032Z GET /liveness => true
2020-08-26T16:01:19.032Z GET /liveness => true
2020-08-26T16:01:24.032Z GET /liveness => true
2020-08-26T16:01:29.032Z GET /liveness => true
2020-08-26T16:01:34.032Z GET /liveness => true
2020-08-26T16:01:39.032Z GET /liveness => true
2020-08-26T16:01:44.032Z GET /liveness => true
2020-08-26T16:01:44.434Z GET /
2020-08-26T16:01:45.452Z GET /
2020-08-26T16:01:45.486Z GET /
2020-08-26T16:01:45.486Z GET /
2020-08-26T16:01:45.486Z GET /
2020-08-26T16:01:45.487Z GET /
2020-08-26T16:01:45.487Z GET /
2020-08-26T16:01:45.487Z GET /
2020-08-26T16:01:45.487Z GET /
2020-08-26T16:01:45.488Z GET /
2020-08-26T16:01:45.488Z GET /
2020-08-26T16:01:45.488Z GET /
2020-08-26T16:01:45.488Z GET /
2020-08-26T16:01:45.489Z GET /
2020-08-26T16:01:45.489Z GET /
2020-08-26T16:01:45.489Z GET /
2020-08-26T16:01:45.489Z GET /
2020-08-26T16:01:45.490Z GET /
2020-08-26T16:01:45.490Z GET /
2020-08-26T16:01:45.490Z GET /
2020-08-26T16:01:45.491Z GET /
2020-08-26T16:01:45.491Z GET /
2020-08-26T16:01:45.491Z GET /
2020-08-26T16:01:45.491Z GET /
2020-08-26T16:01:45.491Z GET /
2020-08-26T16:01:45.492Z GET /
2020-08-26T16:01:45.492Z GET /
2020-08-26T16:01:45.492Z GET /
2020-08-26T16:01:45.492Z GET /
2020-08-26T16:01:45.493Z GET /
2020-08-26T16:01:45.493Z GET /
2020-08-26T16:01:45.493Z GET /
2020-08-26T16:01:45.495Z GET /
2020-08-26T16:01:45.495Z GET /
2020-08-26T16:01:45.495Z GET /
2020-08-26T16:01:45.495Z GET /
2020-08-26T16:01:45.496Z GET /
2020-08-26T16:01:45.496Z GET /
2020-08-26T16:01:45.496Z GET /
2020-08-26T16:01:45.496Z GET /
2020-08-26T16:01:45.497Z GET /
2020-08-26T16:01:45.497Z GET /
2020-08-26T16:01:45.497Z GET /
2020-08-26T16:01:45.497Z GET /
2020-08-26T16:01:45.498Z GET /
2020-08-26T16:01:45.498Z GET /
2020-08-26T16:01:45.498Z GET /
2020-08-26T16:01:45.498Z GET /
2020-08-26T16:01:45.498Z GET /
2020-08-26T16:01:45.499Z GET /
2020-08-26T16:01:45.499Z GET /
2020-08-26T16:01:46.455Z GET /
2020-08-26T16:01:46.523Z GET /
2020-08-26T16:01:46.523Z GET /
2020-08-26T16:01:46.523Z GET /
2020-08-26T16:01:46.523Z GET /
2020-08-26T16:01:46.524Z GET /
2020-08-26T16:01:46.524Z GET /
2020-08-26T16:01:46.524Z GET /
2020-08-26T16:01:46.525Z GET /
2020-08-26T16:01:46.525Z GET /
2020-08-26T16:01:46.525Z GET /
2020-08-26T16:01:46.525Z GET /
2020-08-26T16:01:46.526Z GET /
2020-08-26T16:01:46.526Z GET /
2020-08-26T16:01:46.526Z GET /
2020-08-26T16:01:46.526Z GET /
2020-08-26T16:01:46.527Z GET /
2020-08-26T16:01:46.527Z GET /
2020-08-26T16:01:46.527Z GET /
2020-08-26T16:01:46.527Z GET /
2020-08-26T16:01:46.527Z GET /
2020-08-26T16:01:46.528Z GET /
2020-08-26T16:01:46.528Z GET /
2020-08-26T16:01:46.528Z GET /
2020-08-26T16:01:46.528Z GET /
2020-08-26T16:01:46.528Z GET /
2020-08-26T16:01:46.529Z GET /
2020-08-26T16:01:46.529Z GET /
2020-08-26T16:01:46.529Z GET /
2020-08-26T16:01:46.529Z GET /
2020-08-26T16:01:46.530Z GET /
2020-08-26T16:01:46.530Z GET /
2020-08-26T16:01:46.530Z GET /
2020-08-26T16:01:46.530Z GET /
2020-08-26T16:01:46.531Z GET /
2020-08-26T16:01:46.531Z GET /
2020-08-26T16:01:46.531Z GET /
2020-08-26T16:01:46.531Z GET /
2020-08-26T16:01:46.532Z GET /
2020-08-26T16:01:46.532Z GET /
2020-08-26T16:01:46.532Z GET /
2020-08-26T16:01:46.532Z GET /
2020-08-26T16:01:46.533Z GET /
2020-08-26T16:01:46.533Z GET /
2020-08-26T16:01:46.533Z GET /
2020-08-26T16:01:46.533Z GET /
2020-08-26T16:01:46.533Z GET /
2020-08-26T16:01:46.533Z GET /
2020-08-26T16:01:46.534Z GET /
2020-08-26T16:01:46.534Z GET /
2020-08-26T16:01:47.460Z GET /
2020-08-26T16:01:47.548Z GET /
2020-08-26T16:01:47.549Z GET /
2020-08-26T16:01:47.550Z GET /
2020-08-26T16:01:47.551Z GET /
2020-08-26T16:01:47.552Z GET /
2020-08-26T16:01:47.552Z GET /
2020-08-26T16:01:47.553Z GET /
2020-08-26T16:01:47.553Z GET /
2020-08-26T16:01:47.554Z GET /
2020-08-26T16:01:47.554Z GET /
2020-08-26T16:01:47.555Z GET /
2020-08-26T16:01:47.556Z GET /
2020-08-26T16:01:47.556Z GET /
2020-08-26T16:01:47.557Z GET /
2020-08-26T16:01:47.557Z GET /
2020-08-26T16:01:47.557Z GET /
2020-08-26T16:01:47.558Z GET /
2020-08-26T16:01:47.559Z GET /
2020-08-26T16:01:47.559Z GET /
2020-08-26T16:01:47.559Z GET /
2020-08-26T16:01:47.560Z GET /
2020-08-26T16:01:47.560Z GET /
2020-08-26T16:01:47.560Z GET /
2020-08-26T16:01:47.561Z GET /
2020-08-26T16:01:47.562Z GET /
2020-08-26T16:01:47.562Z GET /
2020-08-26T16:01:47.570Z GET /
2020-08-26T16:01:47.570Z GET /
2020-08-26T16:01:47.570Z GET /
2020-08-26T16:01:47.570Z GET /
2020-08-26T16:01:47.571Z GET /
2020-08-26T16:01:47.571Z GET /
2020-08-26T16:01:47.571Z GET /
2020-08-26T16:01:47.572Z GET /
2020-08-26T16:01:47.572Z GET /
2020-08-26T16:01:47.572Z GET /
2020-08-26T16:01:47.572Z GET /
2020-08-26T16:01:47.572Z GET /
2020-08-26T16:01:47.573Z GET /
2020-08-26T16:01:47.573Z GET /
2020-08-26T16:01:47.573Z GET /
2020-08-26T16:01:47.574Z GET /
2020-08-26T16:01:47.574Z GET /
2020-08-26T16:01:47.574Z GET /
2020-08-26T16:01:47.574Z GET /
2020-08-26T16:01:47.574Z GET /
2020-08-26T16:01:47.575Z GET /
2020-08-26T16:01:47.575Z GET /
2020-08-26T16:01:47.575Z GET /
2020-08-26T16:01:48.043Z Received signal SIGTERM
2020-08-26T16:01:48.464Z GET /
2020-08-26T16:01:48.558Z GET /
2020-08-26T16:01:48.558Z GET /
2020-08-26T16:01:48.560Z GET /
2020-08-26T16:01:48.561Z GET /
2020-08-26T16:01:48.562Z GET /
2020-08-26T16:01:48.562Z GET /
2020-08-26T16:01:48.563Z GET /
2020-08-26T16:01:48.603Z GET /
2020-08-26T16:01:48.603Z GET /
2020-08-26T16:01:48.604Z GET /
2020-08-26T16:01:48.605Z GET /
2020-08-26T16:01:48.606Z GET /
2020-08-26T16:01:48.607Z GET /
2020-08-26T16:01:48.608Z GET /
2020-08-26T16:01:48.608Z GET /
2020-08-26T16:01:48.609Z GET /
2020-08-26T16:01:48.610Z GET /
2020-08-26T16:01:48.611Z GET /
2020-08-26T16:01:48.612Z GET /
2020-08-26T16:01:48.612Z GET /
2020-08-26T16:01:48.613Z GET /
2020-08-26T16:01:48.613Z GET /
2020-08-26T16:01:48.614Z GET /
2020-08-26T16:01:48.615Z GET /
2020-08-26T16:01:48.615Z GET /
2020-08-26T16:01:48.616Z GET /
2020-08-26T16:01:48.616Z GET /
2020-08-26T16:01:48.616Z GET /
2020-08-26T16:01:48.617Z GET /
2020-08-26T16:01:48.617Z GET /
2020-08-26T16:01:48.618Z GET /
2020-08-26T16:01:48.618Z GET /
2020-08-26T16:01:48.640Z GET /
2020-08-26T16:01:48.641Z GET /
2020-08-26T16:01:48.642Z GET /
2020-08-26T16:01:48.643Z GET /
2020-08-26T16:01:48.643Z GET /
2020-08-26T16:01:48.644Z GET /
2020-08-26T16:01:48.646Z GET /
2020-08-26T16:01:48.647Z GET /
2020-08-26T16:01:48.647Z GET /
2020-08-26T16:01:48.648Z GET /
2020-08-26T16:01:48.648Z GET /
2020-08-26T16:01:48.649Z GET /
2020-08-26T16:01:48.650Z GET /
2020-08-26T16:01:48.651Z GET /
2020-08-26T16:01:48.651Z GET /
2020-08-26T16:01:48.652Z GET /
2020-08-26T16:01:48.652Z GET /
2020-08-26T16:01:49.032Z GET /liveness => true
2020-08-26T16:01:49.561Z GET /
2020-08-26T16:01:49.567Z GET /
2020-08-26T16:01:49.568Z GET /
2020-08-26T16:01:49.569Z GET /
2020-08-26T16:01:49.612Z GET /
2020-08-26T16:01:49.613Z GET /
2020-08-26T16:01:49.613Z GET /
2020-08-26T16:01:49.614Z GET /
2020-08-26T16:01:49.626Z GET /
2020-08-26T16:01:49.626Z GET /
2020-08-26T16:01:49.627Z GET /
2020-08-26T16:01:49.627Z GET /
2020-08-26T16:01:49.628Z GET /
2020-08-26T16:01:49.628Z GET /
2020-08-26T16:01:49.628Z GET /
2020-08-26T16:01:49.629Z GET /
2020-08-26T16:01:49.629Z GET /
2020-08-26T16:01:49.643Z GET /
2020-08-26T16:01:49.645Z GET /
2020-08-26T16:01:49.646Z GET /
2020-08-26T16:01:49.653Z GET /
2020-08-26T16:01:49.653Z GET /
2020-08-26T16:01:49.654Z GET /
2020-08-26T16:01:49.654Z GET /
2020-08-26T16:01:49.655Z GET /
2020-08-26T16:01:50.490Z GET /
2020-08-26T16:01:50.562Z GET /
2020-08-26T16:01:50.571Z GET /
2020-08-26T16:01:50.576Z GET /
2020-08-26T16:01:50.611Z GET /
2020-08-26T16:01:50.613Z GET /
2020-08-26T16:01:50.615Z GET /
2020-08-26T16:01:50.617Z GET /
2020-08-26T16:01:50.621Z GET /
2020-08-26T16:01:50.623Z GET /
2020-08-26T16:01:50.626Z GET /
2020-08-26T16:01:50.626Z GET /
2020-08-26T16:01:50.627Z GET /
2020-08-26T16:01:50.630Z GET /
2020-08-26T16:01:50.630Z GET /
2020-08-26T16:01:50.630Z GET /
2020-08-26T16:01:50.642Z GET /
2020-08-26T16:01:50.643Z GET /
2020-08-26T16:01:50.644Z GET /
2020-08-26T16:01:50.647Z GET /
2020-08-26T16:01:50.648Z GET /
2020-08-26T16:01:50.654Z GET /
2020-08-26T16:01:50.654Z GET /
2020-08-26T16:01:50.656Z GET /
2020-08-26T16:01:51.494Z GET /
2020-08-26T16:01:51.566Z GET /
2020-08-26T16:01:51.575Z GET /
2020-08-26T16:01:51.580Z GET /
2020-08-26T16:01:51.616Z GET /
2020-08-26T16:01:51.618Z GET /
2020-08-26T16:01:51.623Z GET /
2020-08-26T16:01:51.632Z GET /
2020-08-26T16:01:51.640Z GET /
2020-08-26T16:01:51.641Z GET /
2020-08-26T16:01:51.641Z GET /
2020-08-26T16:01:51.644Z GET /
2020-08-26T16:01:51.645Z GET /
2020-08-26T16:01:51.646Z GET /
2020-08-26T16:01:51.646Z GET /
2020-08-26T16:01:51.654Z GET /
2020-08-26T16:01:51.655Z GET /
2020-08-26T16:01:51.656Z GET /
2020-08-26T16:01:51.657Z GET /
2020-08-26T16:01:51.662Z GET /
2020-08-26T16:01:51.663Z GET /
2020-08-26T16:01:51.664Z GET /
2020-08-26T16:01:51.665Z GET /
2020-08-26T16:01:51.666Z GET /
2020-08-26T16:01:51.667Z GET /
2020-08-26T16:01:51.667Z GET /
2020-08-26T16:01:54.032Z GET /liveness => true
2020-08-26T16:01:59.032Z GET /liveness => true
2020-08-26T16:02:04.032Z GET /liveness => true
2020-08-26T16:02:09.032Z GET /liveness => true
2020-08-26T16:02:13.048Z Server closed
