2020-08-26T16:02:36.791Z GET /liveness => true
2020-08-26T16:02:41.792Z GET /liveness => true
2020-08-26T16:02:46.792Z GET /liveness => true
2020-08-26T16:02:51.791Z GET /liveness => true
2020-08-26T16:02:56.792Z GET /liveness => true
2020-08-26T16:03:01.791Z GET /liveness => true
2020-08-26T16:03:06.791Z GET /liveness => true
2020-08-26T16:03:11.791Z GET /liveness => true
2020-08-26T16:03:16.791Z GET /liveness => true
2020-08-26T16:03:19.749Z GET /
2020-08-26T16:03:20.762Z GET /
2020-08-26T16:03:20.763Z GET /
2020-08-26T16:03:20.763Z GET /
2020-08-26T16:03:20.764Z GET /
2020-08-26T16:03:20.764Z GET /
2020-08-26T16:03:20.765Z GET /
2020-08-26T16:03:20.765Z GET /
2020-08-26T16:03:20.766Z GET /
2020-08-26T16:03:20.766Z GET /
2020-08-26T16:03:20.766Z GET /
2020-08-26T16:03:20.767Z GET /
2020-08-26T16:03:20.767Z GET /
2020-08-26T16:03:20.768Z GET /
2020-08-26T16:03:20.768Z GET /
2020-08-26T16:03:20.768Z GET /
2020-08-26T16:03:20.769Z GET /
2020-08-26T16:03:20.773Z GET /
2020-08-26T16:03:20.774Z GET /
2020-08-26T16:03:20.774Z GET /
2020-08-26T16:03:20.775Z GET /
2020-08-26T16:03:20.775Z GET /
2020-08-26T16:03:20.776Z GET /
2020-08-26T16:03:20.776Z GET /
2020-08-26T16:03:20.776Z GET /
2020-08-26T16:03:20.777Z GET /
2020-08-26T16:03:20.777Z GET /
2020-08-26T16:03:20.777Z GET /
2020-08-26T16:03:20.777Z GET /
2020-08-26T16:03:20.778Z GET /
2020-08-26T16:03:20.778Z GET /
2020-08-26T16:03:20.778Z GET /
2020-08-26T16:03:20.778Z GET /
2020-08-26T16:03:20.779Z GET /
2020-08-26T16:03:20.779Z GET /
2020-08-26T16:03:20.779Z GET /
2020-08-26T16:03:20.780Z GET /
2020-08-26T16:03:20.780Z GET /
2020-08-26T16:03:20.780Z GET /
2020-08-26T16:03:20.780Z GET /
2020-08-26T16:03:20.781Z GET /
2020-08-26T16:03:20.781Z GET /
2020-08-26T16:03:20.781Z GET /
2020-08-26T16:03:20.781Z GET /
2020-08-26T16:03:20.782Z GET /
2020-08-26T16:03:20.782Z GET /
2020-08-26T16:03:20.782Z GET /
2020-08-26T16:03:20.782Z GET /
2020-08-26T16:03:20.782Z GET /
2020-08-26T16:03:20.782Z GET /
2020-08-26T16:03:20.783Z GET /
2020-08-26T16:03:21.775Z GET /
2020-08-26T16:03:21.776Z GET /
2020-08-26T16:03:21.776Z GET /
2020-08-26T16:03:21.777Z GET /
2020-08-26T16:03:21.798Z GET /
2020-08-26T16:03:21.798Z GET /
2020-08-26T16:03:21.799Z GET /
2020-08-26T16:03:21.799Z GET /
2020-08-26T16:03:21.799Z GET /
2020-08-26T16:03:21.799Z GET /
2020-08-26T16:03:21.800Z GET /
2020-08-26T16:03:21.800Z GET /
2020-08-26T16:03:21.800Z GET /
2020-08-26T16:03:21.809Z GET /liveness => true
2020-08-26T16:03:21.809Z GET /
2020-08-26T16:03:21.809Z GET /
2020-08-26T16:03:21.810Z GET /
2020-08-26T16:03:21.810Z GET /
2020-08-26T16:03:21.810Z GET /
2020-08-26T16:03:21.810Z GET /
2020-08-26T16:03:21.810Z GET /
2020-08-26T16:03:21.810Z GET /
2020-08-26T16:03:21.810Z GET /
2020-08-26T16:03:21.811Z GET /
2020-08-26T16:03:21.811Z GET /
2020-08-26T16:03:21.811Z GET /
2020-08-26T16:03:21.811Z GET /
2020-08-26T16:03:21.811Z GET /
2020-08-26T16:03:21.811Z GET /
2020-08-26T16:03:21.811Z GET /
2020-08-26T16:03:21.812Z GET /
2020-08-26T16:03:21.813Z GET /
2020-08-26T16:03:21.813Z GET /
2020-08-26T16:03:21.814Z GET /
2020-08-26T16:03:21.814Z GET /
2020-08-26T16:03:21.814Z GET /
2020-08-26T16:03:21.814Z GET /
2020-08-26T16:03:21.814Z GET /
2020-08-26T16:03:21.814Z GET /
2020-08-26T16:03:21.814Z GET /
2020-08-26T16:03:21.814Z GET /
2020-08-26T16:03:21.814Z GET /
2020-08-26T16:03:21.815Z GET /
2020-08-26T16:03:21.815Z GET /
2020-08-26T16:03:21.815Z GET /
2020-08-26T16:03:21.815Z GET /
2020-08-26T16:03:21.815Z GET /
2020-08-26T16:03:21.815Z GET /
2020-08-26T16:03:21.815Z GET /
2020-08-26T16:03:21.815Z GET /
2020-08-26T16:03:21.815Z GET /
2020-08-26T16:03:22.781Z GET /
2020-08-26T16:03:22.781Z GET /
2020-08-26T16:03:22.782Z GET /
2020-08-26T16:03:22.782Z GET /
2020-08-26T16:03:22.807Z GET /
2020-08-26T16:03:22.808Z GET /
2020-08-26T16:03:22.808Z GET /
2020-08-26T16:03:22.809Z GET /
2020-08-26T16:03:22.809Z GET /
2020-08-26T16:03:22.809Z GET /
2020-08-26T16:03:22.810Z GET /
2020-08-26T16:03:22.810Z GET /
2020-08-26T16:03:22.810Z GET /
2020-08-26T16:03:22.825Z GET /
2020-08-26T16:03:22.825Z GET /
2020-08-26T16:03:22.826Z GET /
2020-08-26T16:03:22.826Z GET /
2020-08-26T16:03:22.826Z GET /
2020-08-26T16:03:22.826Z GET /
2020-08-26T16:03:22.826Z GET /
2020-08-26T16:03:22.827Z GET /
2020-08-26T16:03:22.827Z GET /
2020-08-26T16:03:22.827Z GET /
2020-08-26T16:03:22.827Z GET /
2020-08-26T16:03:22.827Z GET /
2020-08-26T16:03:22.827Z GET /
2020-08-26T16:03:22.827Z GET /
2020-08-26T16:03:22.827Z GET /
2020-08-26T16:03:22.828Z GET /
2020-08-26T16:03:22.828Z GET /
2020-08-26T16:03:22.830Z GET /
2020-08-26T16:03:22.830Z GET /
2020-08-26T16:03:22.831Z GET /
2020-08-26T16:03:22.831Z GET /
2020-08-26T16:03:22.831Z GET /
2020-08-26T16:03:22.831Z GET /
2020-08-26T16:03:22.831Z GET /
2020-08-26T16:03:22.831Z GET /
2020-08-26T16:03:22.831Z GET /
2020-08-26T16:03:22.831Z GET /
2020-08-26T16:03:22.831Z GET /
2020-08-26T16:03:22.831Z GET /
2020-08-26T16:03:22.832Z GET /
2020-08-26T16:03:22.832Z GET /
2020-08-26T16:03:22.832Z GET /
2020-08-26T16:03:22.832Z GET /
2020-08-26T16:03:22.832Z GET /
2020-08-26T16:03:22.832Z GET /
2020-08-26T16:03:22.832Z GET /
2020-08-26T16:03:22.832Z GET /
2020-08-26T16:03:23.351Z Received signal SIGTERM
2020-08-26T16:03:26.792Z GET /liveness => true
2020-08-26T16:03:31.791Z GET /liveness => true
2020-08-26T16:03:36.791Z GET /liveness => true
2020-08-26T16:03:41.791Z GET /liveness => true
2020-08-26T16:03:46.791Z GET /liveness => true
2020-08-26T16:03:48.354Z Server closed
rpc error: code = Unknown desc = Error: No such container: 16a586b72da0c5ed383311aa093623cdea6fe4e2f24eb8093eb8196aa5d7796b
